<?xml version="1.0" encoding="UTF-8"?>
<!-- Generated by org.testng.reporters.JUnitReportReporter -->
<testsuite hostname="DESKTOP-1N0VLJU" failures="0" tests="1" name="MyTestCases" time="32.220" errors="0" timestamp="2024-11-26T00:38:13 EET" skipped="0">
  <testcase classname="MyTestCases" name="myFirstTest" time="32.220"/>
  <system-out/>
</testsuite> <!-- MyTestCases -->
