<?xml version="1.0" encoding="UTF-8"?>
<!-- Generated by org.testng.reporters.JUnitReportReporter -->
<testsuite hostname="DESKTOP-1N0VLJU" failures="0" tests="3" name="MyTestCases" time="12.141" errors="0" timestamp="2024-11-26T13:20:44 EET" skipped="2">
  <testcase classname="MyTestCases" name="clickOnEvenNumbers" time="12.141"/>
  <system-out/>
  <testcase classname="MyTestCases" name="addTwoNumbers">
    <skipped/>
  </testcase> <!-- addTwoNumbers -->
  <system-out/>
  <testcase classname="MyTestCases" name="addTwoRandomNumbers">
    <skipped/>
  </testcase> <!-- addTwoRandomNumbers -->
  <system-out/>
</testsuite> <!-- MyTestCases -->
