<?xml version="1.0" encoding="UTF-8"?>
<!-- Generated by org.testng.reporters.JUnitReportReporter -->
<testsuite hostname="DESKTOP-1N0VLJU" failures="0" tests="3" name="MyTestCases" time="27.718" errors="0" timestamp="2024-11-26T18:42:19 EET" skipped="2">
  <testcase classname="MyTestCases" name="clickOnEvenNumbers" time="27.718"/>
  <system-out/>
  <testcase classname="MyTestCases" name="clickOnAllDigit">
    <skipped/>
  </testcase> <!-- clickOnAllDigit -->
  <system-out/>
  <testcase classname="MyTestCases" name="addTwoNumbers">
    <skipped/>
  </testcase> <!-- addTwoNumbers -->
  <system-out/>
</testsuite> <!-- MyTestCases -->
