<?xml version="1.0" encoding="UTF-8"?>
<!-- Generated by org.testng.reporters.JUnitReportReporter -->
<testsuite hostname="DESKTOP-1N0VLJU" failures="0" tests="3" name="MyTestCases" time="17.770" errors="0" timestamp="2024-11-26T17:48:41 EET" skipped="2">
  <testcase classname="MyTestCases" name="clickOnAllDigit" time="17.770"/>
  <system-out/>
  <testcase classname="MyTestCases" name="addTwoNumbers">
    <skipped/>
  </testcase> <!-- addTwoNumbers -->
  <system-out/>
  <testcase classname="MyTestCases" name="clickOnEvenNumbers">
    <skipped/>
  </testcase> <!-- clickOnEvenNumbers -->
  <system-out/>
</testsuite> <!-- MyTestCases -->
